<?xml version="1.0" encoding="UTF-8"?>
<testng-results ignored="0" total="2" passed="2" failed="0" skipped="0">
  <reporter-output>
  </reporter-output>
  <suite started-at="2023-09-25T16:11:08 IST" name="Default suite" finished-at="2023-09-25T16:11:27 IST" duration-ms="19414">
    <groups>
    </groups>
    <test started-at="2023-09-25T16:11:08 IST" name="Default test" finished-at="2023-09-25T16:11:27 IST" duration-ms="19414">
      <class name="Execution.test">
        <test-method is-config="true" signature="browserSetup()[pri:0, instance:Execution.test@b2c9a9c]" started-at="2023-09-25T16:11:08 IST" name="browserSetup" finished-at="2023-09-25T16:11:17 IST" duration-ms="8953" status="PASS">
          <reporter-output>
          </reporter-output>
        </test-method> <!-- browserSetup -->
        <test-method signature="login()[pri:1, instance:Execution.test@b2c9a9c]" started-at="2023-09-25T16:11:17 IST" name="login" finished-at="2023-09-25T16:11:18 IST" duration-ms="1587" status="PASS">
          <reporter-output>
          </reporter-output>
        </test-method> <!-- login -->
        <test-method signature="searchFunctionality()[pri:2, instance:Execution.test@b2c9a9c]" started-at="2023-09-25T16:11:18 IST" name="searchFunctionality" finished-at="2023-09-25T16:11:27 IST" duration-ms="8481" status="PASS">
          <reporter-output>
          </reporter-output>
        </test-method> <!-- searchFunctionality -->
        <test-method is-config="true" signature="close()[pri:0, instance:Execution.test@b2c9a9c]" started-at="2023-09-25T16:11:27 IST" name="close" finished-at="2023-09-25T16:11:27 IST" duration-ms="317" status="PASS">
          <reporter-output>
          </reporter-output>
        </test-method> <!-- close -->
      </class> <!-- Execution.test -->
    </test> <!-- Default test -->
  </suite> <!-- Default suite -->
</testng-results>
